[debug] [2025-01-24T07:42:45.315Z] ----------------------------------------------------------------------
[debug] [2025-01-24T07:42:45.319Z] Command:       C:\Program Files\nodejs\node.exe C:\Users\Lenovo\AppData\Roaming\npm\node_modules\firebase-tools\lib\bin\firebase.js emulators:start
[debug] [2025-01-24T07:42:45.322Z] CLI Version:   13.29.2
[debug] [2025-01-24T07:42:45.322Z] Platform:      win32
[debug] [2025-01-24T07:42:45.322Z] Node Version:  v22.13.0
[debug] [2025-01-24T07:42:45.323Z] Time:          Fri Jan 24 2025 13:12:45 GMT+0530 (India Standard Time)
[debug] [2025-01-24T07:42:45.323Z] ----------------------------------------------------------------------
[debug] 
[debug] [2025-01-24T07:42:45.328Z] >>> [apiv2][query] GET https://firebase-public.firebaseio.com/cli.json [none]
[debug] [2025-01-24T07:42:45.811Z] > command requires scopes: ["email","openid","https://www.googleapis.com/auth/cloudplatformprojects.readonly","https://www.googleapis.com/auth/firebase","https://www.googleapis.com/auth/cloud-platform"]
[debug] Failed to authenticate, have you run firebase login?
[warn] !  emulators: You are not currently authenticated so some features may not work correctly. Please run firebase login to authenticate the CLI. 
[info] i  emulators: Starting emulators: functions, hosting, extensions {"metadata":{"emulator":{"name":"hub"},"message":"Starting emulators: functions, hosting, extensions"}}
[debug] [2025-01-24T07:42:45.862Z] No OAuth tokens found
[debug] [2025-01-24T07:42:45.863Z] No OAuth tokens found
[debug] [2025-01-24T07:42:45.863Z] > command requires scopes: ["email","openid","https://www.googleapis.com/auth/cloudplatformprojects.readonly","https://www.googleapis.com/auth/firebase","https://www.googleapis.com/auth/cloud-platform"]
[error] !!  extensions: Unable to look up project number for instafood-24.
 If this is a real project, ensure that you are logged in and have access to it.
 If this is a fake project, please use a project ID starting with 'demo-' to skip production calls.
 Continuing with a fake project number - secrets and other features that require production access may behave unexpectedly. {"metadata":{"emulator":{"name":"extensions"},"message":"Unable to look up project number for instafood-24.\n If this is a real project, ensure that you are logged in and have access to it.\n If this is a fake project, please use a project ID starting with 'demo-' to skip production calls.\n Continuing with a fake project number - secrets and other features that require production access may behave unexpectedly."}}
[debug] [2025-01-24T07:42:45.884Z] [logging] Logging Emulator only supports listening on one address (127.0.0.1). Not listening on ::1
[debug] [2025-01-24T07:42:45.884Z] [hosting] Hosting Emulator only supports listening on one address (127.0.0.1). Not listening on ::1
[debug] [2025-01-24T07:42:45.885Z] assigned listening specs for emulators {"user":{"hub":[{"address":"127.0.0.1","family":"IPv4","port":4400},{"address":"::1","family":"IPv6","port":4400}],"ui":[{"address":"127.0.0.1","family":"IPv4","port":4000},{"address":"::1","family":"IPv6","port":4000}],"logging":[{"address":"127.0.0.1","family":"IPv4","port":4500}],"hosting":[{"address":"127.0.0.1","family":"IPv4","port":5000}]},"metadata":{"message":"assigned listening specs for emulators"}}
[debug] [2025-01-24T07:42:45.893Z] [hub] writing locator at C:\Users\Lenovo\AppData\Local\Temp\hub-instafood-24.json
[debug] [2025-01-24T07:42:45.916Z] [Extensions] Started Extensions emulator, this is a noop.
[debug] [2025-01-24T07:42:45.935Z] [functions] Functions Emulator only supports listening on one address (127.0.0.1). Not listening on ::1
[debug] [2025-01-24T07:42:45.935Z] [eventarc] Eventarc Emulator only supports listening on one address (127.0.0.1). Not listening on ::1
[debug] [2025-01-24T07:42:45.935Z] [tasks] Cloud Tasks Emulator only supports listening on one address (127.0.0.1). Not listening on ::1
[debug] [2025-01-24T07:42:45.935Z] late-assigned ports for functions and eventarc emulators {"user":{"hub":[{"address":"127.0.0.1","family":"IPv4","port":4400},{"address":"::1","family":"IPv6","port":4400}],"ui":[{"address":"127.0.0.1","family":"IPv4","port":4000},{"address":"::1","family":"IPv6","port":4000}],"logging":[{"address":"127.0.0.1","family":"IPv4","port":4500}],"hosting":[{"address":"127.0.0.1","family":"IPv4","port":5000}],"functions":[{"address":"127.0.0.1","family":"IPv4","port":5001}],"eventarc":[{"address":"127.0.0.1","family":"IPv4","port":9299}],"tasks":[{"address":"127.0.0.1","family":"IPv4","port":9499}]},"metadata":{"message":"late-assigned ports for functions and eventarc emulators"}}
[warn] !  functions: The following emulators are not running, calls to these services from the Functions emulator will affect production: apphosting, auth, firestore, database, pubsub, storage, dataconnect {"metadata":{"emulator":{"name":"functions"},"message":"The following emulators are not running, calls to these services from the Functions emulator will affect production: \u001b[1mapphosting, auth, firestore, database, pubsub, storage, dataconnect\u001b[22m"}}
[warn] !  functions: You are not signed in to the Firebase CLI. If you have authorized this machine using gcloud application-default credentials those may be discovered and used to access production services. {"metadata":{"emulator":{"name":"functions"},"message":"You are not signed in to the Firebase CLI. If you have authorized this machine using gcloud application-default credentials those may be discovered and used to access production services."}}
[debug] [2025-01-24T07:42:45.941Z] No OAuth tokens found
[debug] [2025-01-24T07:42:45.941Z] No OAuth tokens found
[debug] [2025-01-24T07:42:45.941Z] > command requires scopes: ["email","openid","https://www.googleapis.com/auth/cloudplatformprojects.readonly","https://www.googleapis.com/auth/firebase","https://www.googleapis.com/auth/cloud-platform"]
[debug] [2025-01-24T07:42:45.942Z] Failed to get Admin SDK config for instafood-24, falling back to cache Failed to get Admin SDK for Firebase project instafood-24. Please make sure the project exists and your account has permission to access it. {"name":"FirebaseError","children":[],"exit":2,"message":"Failed to get Admin SDK for Firebase project instafood-24. Please make sure the project exists and your account has permission to access it.","original":{"name":"FirebaseError","children":[],"exit":1,"message":"Failed to authenticate, have you run \u001b[1mfirebase login\u001b[22m?","original":{},"status":500},"status":500}
[warn] !  functions: Unable to fetch project Admin SDK configuration, Admin SDK behavior in Cloud Functions emulator may be incorrect. {"metadata":{"emulator":{"name":"functions"},"message":"Unable to fetch project Admin SDK configuration, Admin SDK behavior in Cloud Functions emulator may be incorrect."}}
[debug] [2025-01-24T07:42:45.973Z] No OAuth tokens found
[debug] [2025-01-24T07:42:45.973Z] No OAuth tokens found
[debug] [2025-01-24T07:42:45.973Z] > command requires scopes: ["email","openid","https://www.googleapis.com/auth/cloudplatformprojects.readonly","https://www.googleapis.com/auth/firebase","https://www.googleapis.com/auth/cloud-platform"]
[debug] [2025-01-24T07:42:45.974Z] Failed to list hosting sites
[debug] Failed to authenticate, have you run firebase login?
[debug] [2025-01-24T07:42:45.974Z] No OAuth tokens found
[debug] [2025-01-24T07:42:45.974Z] No OAuth tokens found
[debug] [2025-01-24T07:42:45.975Z] > command requires scopes: ["email","openid","https://www.googleapis.com/auth/cloudplatformprojects.readonly","https://www.googleapis.com/auth/firebase","https://www.googleapis.com/auth/cloud-platform"]
[debug] [2025-01-24T07:42:45.975Z] fetchWebSetup error: FirebaseError: Failed to authenticate, have you run firebase login?
[warn] !  hosting: Could not fetch web app configuration and there is no cached configuration on this machine. Check your internet connection and make sure you are authenticated. To continue, you must call firebase.initializeApp({...}) in your code before using Firebase. 
[debug] [2025-01-24T07:42:45.979Z] No OAuth tokens found
[debug] [2025-01-24T07:42:45.980Z] No OAuth tokens found
[debug] [2025-01-24T07:42:45.980Z] > command requires scopes: ["email","openid","https://www.googleapis.com/auth/cloudplatformprojects.readonly","https://www.googleapis.com/auth/firebase","https://www.googleapis.com/auth/cloud-platform"]
[debug] [2025-01-24T07:42:45.981Z] Failed to authenticate, have you run firebase login? (original: Could not load the default credentials. Browse to https://cloud.google.com/docs/authentication/getting-started for more information.)
[debug] [2025-01-24T07:42:45.982Z] Specified "public" directory "build" does not exist; Deploy to Hosting site "instafood-24" may fail or be empty.
[info] i  hosting[instafood-24]: Serving hosting files from: build {"metadata":{"emulator":{"name":"hosting"},"message":"Serving hosting files from: \u001b[1mbuild\u001b[22m"}}
[info] +  hosting[instafood-24]: Local server: http://127.0.0.1:5000 {"metadata":{"emulator":{"name":"hosting"},"message":"Local server: \u001b[4m\u001b[1mhttp://127.0.0.1:5000\u001b[22m\u001b[24m"}}
[info] i  ui: downloading ui-v1.14.0.zip... {"metadata":{"emulator":{"name":"ui"},"message":"downloading ui-v1.14.0.zip..."}}
[debug] [2025-01-24T07:42:46.023Z] >>> [apiv2][query] GET https://storage.googleapis.com/firebase-preview-drop/emulator/ui-v1.14.0.zip 
[debug] [2025-01-24T07:42:46.183Z] <<< [apiv2][status] GET https://storage.googleapis.com/firebase-preview-drop/emulator/ui-v1.14.0.zip 200
[debug] [2025-01-24T07:42:46.184Z] <<< [apiv2][body] GET https://storage.googleapis.com/firebase-preview-drop/emulator/ui-v1.14.0.zip [stream]
[debug] [2025-01-24T07:42:46.632Z] <<< [apiv2][status] GET https://firebase-public.firebaseio.com/cli.json 200
[debug] [2025-01-24T07:42:46.632Z] <<< [apiv2][body] GET https://firebase-public.firebaseio.com/cli.json {"cloudBuildErrorAfter":1594252800000,"cloudBuildWarnAfter":1590019200000,"defaultNode10After":1594252800000,"minVersion":"3.0.5","node8DeploysDisabledAfter":1613390400000,"node8RuntimeDisabledAfter":1615809600000,"node8WarnAfter":1600128000000}
[debug] [2025-01-24T07:42:47.149Z] Data is 3615311
[debug] [2025-01-24T07:42:47.150Z] [unzip] Entry: client/ (compressed_size=0 bytes, uncompressed_size=0 bytes)
[debug] [2025-01-24T07:42:47.150Z] [unzip] Processing entry: client\
[debug] [2025-01-24T07:42:47.150Z] [unzip] mkdir: C:\Users\Lenovo\.cache\firebase\emulators\ui-v1.14.0\client\
[debug] [2025-01-24T07:42:47.152Z] [unzip] Entry: client/favicon-16x16.png (compressed_size=293 bytes, uncompressed_size=293 bytes)
[debug] [2025-01-24T07:42:47.152Z] [unzip] Processing entry: client\favicon-16x16.png
[debug] [2025-01-24T07:42:47.152Z] [unzip] else mkdir: C:\Users\Lenovo\.cache\firebase\emulators\ui-v1.14.0\client
[debug] [2025-01-24T07:42:47.153Z] [unzip] Writing file: C:\Users\Lenovo\.cache\firebase\emulators\ui-v1.14.0\client\favicon-16x16.png
[debug] [2025-01-24T07:42:47.158Z] [unzip] Entry: client/safari-pinned-tab.svg (compressed_size=1433 bytes, uncompressed_size=2611 bytes)
[debug] [2025-01-24T07:42:47.159Z] [unzip] Processing entry: client\safari-pinned-tab.svg
[debug] [2025-01-24T07:42:47.159Z] [unzip] else mkdir: C:\Users\Lenovo\.cache\firebase\emulators\ui-v1.14.0\client
[debug] [2025-01-24T07:42:47.160Z] [unzip] deflating: C:\Users\Lenovo\.cache\firebase\emulators\ui-v1.14.0\client\safari-pinned-tab.svg
[debug] [2025-01-24T07:42:47.179Z] [unzip] Entry: client/favicon.ico (compressed_size=2933 bytes, uncompressed_size=13294 bytes)
[debug] [2025-01-24T07:42:47.180Z] [unzip] Processing entry: client\favicon.ico
[debug] [2025-01-24T07:42:47.180Z] [unzip] else mkdir: C:\Users\Lenovo\.cache\firebase\emulators\ui-v1.14.0\client
[debug] [2025-01-24T07:42:47.180Z] [unzip] deflating: C:\Users\Lenovo\.cache\firebase\emulators\ui-v1.14.0\client\favicon.ico
[debug] [2025-01-24T07:42:47.184Z] [unzip] Entry: client/index.html (compressed_size=1363 bytes, uncompressed_size=3071 bytes)
[debug] [2025-01-24T07:42:47.184Z] [unzip] Processing entry: client\index.html
[debug] [2025-01-24T07:42:47.184Z] [unzip] else mkdir: C:\Users\Lenovo\.cache\firebase\emulators\ui-v1.14.0\client
[debug] [2025-01-24T07:42:47.185Z] [unzip] deflating: C:\Users\Lenovo\.cache\firebase\emulators\ui-v1.14.0\client\index.html
[debug] [2025-01-24T07:42:47.195Z] [unzip] Entry: client/android-chrome-192x192.png (compressed_size=2684 bytes, uncompressed_size=2684 bytes)
[debug] [2025-01-24T07:42:47.196Z] [unzip] Processing entry: client\android-chrome-192x192.png
[debug] [2025-01-24T07:42:47.196Z] [unzip] else mkdir: C:\Users\Lenovo\.cache\firebase\emulators\ui-v1.14.0\client
[debug] [2025-01-24T07:42:47.196Z] [unzip] Writing file: C:\Users\Lenovo\.cache\firebase\emulators\ui-v1.14.0\client\android-chrome-192x192.png
[debug] [2025-01-24T07:42:47.198Z] [unzip] Entry: client/apple-touch-icon.png (compressed_size=2123 bytes, uncompressed_size=2152 bytes)
[debug] [2025-01-24T07:42:47.198Z] [unzip] Processing entry: client\apple-touch-icon.png
[debug] [2025-01-24T07:42:47.198Z] [unzip] else mkdir: C:\Users\Lenovo\.cache\firebase\emulators\ui-v1.14.0\client
[debug] [2025-01-24T07:42:47.199Z] [unzip] deflating: C:\Users\Lenovo\.cache\firebase\emulators\ui-v1.14.0\client\apple-touch-icon.png
[debug] [2025-01-24T07:42:47.201Z] [unzip] Entry: client/android-chrome-512x512.png (compressed_size=5369 bytes, uncompressed_size=5411 bytes)
[debug] [2025-01-24T07:42:47.202Z] [unzip] Processing entry: client\android-chrome-512x512.png
[debug] [2025-01-24T07:42:47.203Z] [unzip] else mkdir: C:\Users\Lenovo\.cache\firebase\emulators\ui-v1.14.0\client
[debug] [2025-01-24T07:42:47.203Z] [unzip] deflating: C:\Users\Lenovo\.cache\firebase\emulators\ui-v1.14.0\client\android-chrome-512x512.png
[debug] [2025-01-24T07:42:47.209Z] [unzip] Entry: client/manifest.json (compressed_size=245 bytes, uncompressed_size=551 bytes)
[debug] [2025-01-24T07:42:47.209Z] [unzip] Processing entry: client\manifest.json
[debug] [2025-01-24T07:42:47.209Z] [unzip] else mkdir: C:\Users\Lenovo\.cache\firebase\emulators\ui-v1.14.0\client
[debug] [2025-01-24T07:42:47.210Z] [unzip] deflating: C:\Users\Lenovo\.cache\firebase\emulators\ui-v1.14.0\client\manifest.json
[debug] [2025-01-24T07:42:47.213Z] [unzip] Entry: client/robots.txt (compressed_size=26 bytes, uncompressed_size=26 bytes)
[debug] [2025-01-24T07:42:47.213Z] [unzip] Processing entry: client\robots.txt
[debug] [2025-01-24T07:42:47.213Z] [unzip] else mkdir: C:\Users\Lenovo\.cache\firebase\emulators\ui-v1.14.0\client
[debug] [2025-01-24T07:42:47.214Z] [unzip] Writing file: C:\Users\Lenovo\.cache\firebase\emulators\ui-v1.14.0\client\robots.txt
[debug] [2025-01-24T07:42:47.215Z] [unzip] Entry: client/mstile-150x150.png (compressed_size=2034 bytes, uncompressed_size=2034 bytes)
[debug] [2025-01-24T07:42:47.216Z] [unzip] Processing entry: client\mstile-150x150.png
[debug] [2025-01-24T07:42:47.216Z] [unzip] else mkdir: C:\Users\Lenovo\.cache\firebase\emulators\ui-v1.14.0\client
[debug] [2025-01-24T07:42:47.216Z] [unzip] Writing file: C:\Users\Lenovo\.cache\firebase\emulators\ui-v1.14.0\client\mstile-150x150.png
[debug] [2025-01-24T07:42:47.225Z] [unzip] Entry: client/assets/ (compressed_size=0 bytes, uncompressed_size=0 bytes)
[debug] [2025-01-24T07:42:47.229Z] [unzip] Processing entry: client\assets\
[debug] [2025-01-24T07:42:47.229Z] [unzip] mkdir: C:\Users\Lenovo\.cache\firebase\emulators\ui-v1.14.0\client\assets\
[debug] [2025-01-24T07:42:47.230Z] [unzip] Entry: client/assets/index-ClZTY_JS.js.map (compressed_size=2328270 bytes, uncompressed_size=9947004 bytes)
[debug] [2025-01-24T07:42:47.230Z] [unzip] Processing entry: client\assets\index-ClZTY_JS.js.map
[debug] [2025-01-24T07:42:47.230Z] [unzip] else mkdir: C:\Users\Lenovo\.cache\firebase\emulators\ui-v1.14.0\client\assets
[debug] [2025-01-24T07:42:47.231Z] [unzip] deflating: C:\Users\Lenovo\.cache\firebase\emulators\ui-v1.14.0\client\assets\index-ClZTY_JS.js.map
[debug] [2025-01-24T07:42:47.459Z] [unzip] Entry: client/assets/index-ClZTY_JS.js (compressed_size=567195 bytes, uncompressed_size=2035940 bytes)
[debug] [2025-01-24T07:42:47.459Z] [unzip] Processing entry: client\assets\index-ClZTY_JS.js
[debug] [2025-01-24T07:42:47.460Z] [unzip] else mkdir: C:\Users\Lenovo\.cache\firebase\emulators\ui-v1.14.0\client\assets
[debug] [2025-01-24T07:42:47.489Z] [unzip] deflating: C:\Users\Lenovo\.cache\firebase\emulators\ui-v1.14.0\client\assets\index-ClZTY_JS.js
[debug] [2025-01-24T07:42:47.547Z] [unzip] Entry: client/assets/index-BdgySamB.css (compressed_size=35979 bytes, uncompressed_size=298654 bytes)
[debug] [2025-01-24T07:42:47.547Z] [unzip] Processing entry: client\assets\index-BdgySamB.css
[debug] [2025-01-24T07:42:47.547Z] [unzip] else mkdir: C:\Users\Lenovo\.cache\firebase\emulators\ui-v1.14.0\client\assets
[debug] [2025-01-24T07:42:47.548Z] [unzip] deflating: C:\Users\Lenovo\.cache\firebase\emulators\ui-v1.14.0\client\assets\index-BdgySamB.css
[debug] [2025-01-24T07:42:47.556Z] [unzip] Entry: client/assets/extensions/ (compressed_size=0 bytes, uncompressed_size=0 bytes)
[debug] [2025-01-24T07:42:47.556Z] [unzip] Processing entry: client\assets\extensions\
[debug] [2025-01-24T07:42:47.556Z] [unzip] mkdir: C:\Users\Lenovo\.cache\firebase\emulators\ui-v1.14.0\client\assets\extensions\
[debug] [2025-01-24T07:42:47.557Z] [unzip] Entry: client/assets/extensions/default-extension.png (compressed_size=1646 bytes, uncompressed_size=1657 bytes)
[debug] [2025-01-24T07:42:47.557Z] [unzip] Processing entry: client\assets\extensions\default-extension.png
[debug] [2025-01-24T07:42:47.557Z] [unzip] else mkdir: C:\Users\Lenovo\.cache\firebase\emulators\ui-v1.14.0\client\assets\extensions
[debug] [2025-01-24T07:42:47.558Z] [unzip] deflating: C:\Users\Lenovo\.cache\firebase\emulators\ui-v1.14.0\client\assets\extensions\default-extension.png
[debug] [2025-01-24T07:42:47.560Z] [unzip] Entry: client/assets/img/ (compressed_size=0 bytes, uncompressed_size=0 bytes)
[debug] [2025-01-24T07:42:47.560Z] [unzip] Processing entry: client\assets\img\
[debug] [2025-01-24T07:42:47.561Z] [unzip] mkdir: C:\Users\Lenovo\.cache\firebase\emulators\ui-v1.14.0\client\assets\img\
[debug] [2025-01-24T07:42:47.561Z] [unzip] Entry: client/assets/img/database.png (compressed_size=29449 bytes, uncompressed_size=29988 bytes)
[debug] [2025-01-24T07:42:47.561Z] [unzip] Processing entry: client\assets\img\database.png
[debug] [2025-01-24T07:42:47.562Z] [unzip] else mkdir: C:\Users\Lenovo\.cache\firebase\emulators\ui-v1.14.0\client\assets\img
[debug] [2025-01-24T07:42:47.562Z] [unzip] deflating: C:\Users\Lenovo\.cache\firebase\emulators\ui-v1.14.0\client\assets\img\database.png
[debug] [2025-01-24T07:42:47.564Z] [unzip] Entry: client/assets/provider-icons/ (compressed_size=0 bytes, uncompressed_size=0 bytes)
[debug] [2025-01-24T07:42:47.564Z] [unzip] Processing entry: client\assets\provider-icons\
[debug] [2025-01-24T07:42:47.564Z] [unzip] mkdir: C:\Users\Lenovo\.cache\firebase\emulators\ui-v1.14.0\client\assets\provider-icons\
[debug] [2025-01-24T07:42:47.565Z] [unzip] Entry: client/assets/provider-icons/auth_service_saml.svg (compressed_size=575 bytes, uncompressed_size=1226 bytes)
[debug] [2025-01-24T07:42:47.565Z] [unzip] Processing entry: client\assets\provider-icons\auth_service_saml.svg
[debug] [2025-01-24T07:42:47.565Z] [unzip] else mkdir: C:\Users\Lenovo\.cache\firebase\emulators\ui-v1.14.0\client\assets\provider-icons
[debug] [2025-01-24T07:42:47.566Z] [unzip] deflating: C:\Users\Lenovo\.cache\firebase\emulators\ui-v1.14.0\client\assets\provider-icons\auth_service_saml.svg
[debug] [2025-01-24T07:42:47.567Z] [unzip] Entry: client/assets/provider-icons/auth_service_phone.svg (compressed_size=261 bytes, uncompressed_size=414 bytes)
[debug] [2025-01-24T07:42:47.568Z] [unzip] Processing entry: client\assets\provider-icons\auth_service_phone.svg
[debug] [2025-01-24T07:42:47.568Z] [unzip] else mkdir: C:\Users\Lenovo\.cache\firebase\emulators\ui-v1.14.0\client\assets\provider-icons
[debug] [2025-01-24T07:42:47.568Z] [unzip] deflating: C:\Users\Lenovo\.cache\firebase\emulators\ui-v1.14.0\client\assets\provider-icons\auth_service_phone.svg
[debug] [2025-01-24T07:42:47.571Z] [unzip] Entry: client/assets/provider-icons/auth_service_facebook.svg (compressed_size=289 bytes, uncompressed_size=457 bytes)
[debug] [2025-01-24T07:42:47.571Z] [unzip] Processing entry: client\assets\provider-icons\auth_service_facebook.svg
[debug] [2025-01-24T07:42:47.572Z] [unzip] else mkdir: C:\Users\Lenovo\.cache\firebase\emulators\ui-v1.14.0\client\assets\provider-icons
[debug] [2025-01-24T07:42:47.572Z] [unzip] deflating: C:\Users\Lenovo\.cache\firebase\emulators\ui-v1.14.0\client\assets\provider-icons\auth_service_facebook.svg
[debug] [2025-01-24T07:42:47.574Z] [unzip] Entry: client/assets/provider-icons/auth_service_game_center.svg (compressed_size=991 bytes, uncompressed_size=3921 bytes)
[debug] [2025-01-24T07:42:47.574Z] [unzip] Processing entry: client\assets\provider-icons\auth_service_game_center.svg
[debug] [2025-01-24T07:42:47.574Z] [unzip] else mkdir: C:\Users\Lenovo\.cache\firebase\emulators\ui-v1.14.0\client\assets\provider-icons
[debug] [2025-01-24T07:42:47.575Z] [unzip] deflating: C:\Users\Lenovo\.cache\firebase\emulators\ui-v1.14.0\client\assets\provider-icons\auth_service_game_center.svg
[debug] [2025-01-24T07:42:47.576Z] [unzip] Entry: client/assets/provider-icons/auth_service_apple.svg (compressed_size=230 bytes, uncompressed_size=334 bytes)
[debug] [2025-01-24T07:42:47.577Z] [unzip] Processing entry: client\assets\provider-icons\auth_service_apple.svg
[debug] [2025-01-24T07:42:47.577Z] [unzip] else mkdir: C:\Users\Lenovo\.cache\firebase\emulators\ui-v1.14.0\client\assets\provider-icons
[debug] [2025-01-24T07:42:47.577Z] [unzip] deflating: C:\Users\Lenovo\.cache\firebase\emulators\ui-v1.14.0\client\assets\provider-icons\auth_service_apple.svg
[debug] [2025-01-24T07:42:47.579Z] [unzip] Entry: client/assets/provider-icons/auth_service_github.svg (compressed_size=466 bytes, uncompressed_size=838 bytes)
[debug] [2025-01-24T07:42:47.579Z] [unzip] Processing entry: client\assets\provider-icons\auth_service_github.svg
[debug] [2025-01-24T07:42:47.579Z] [unzip] else mkdir: C:\Users\Lenovo\.cache\firebase\emulators\ui-v1.14.0\client\assets\provider-icons
[debug] [2025-01-24T07:42:47.580Z] [unzip] deflating: C:\Users\Lenovo\.cache\firebase\emulators\ui-v1.14.0\client\assets\provider-icons\auth_service_github.svg
[debug] [2025-01-24T07:42:47.582Z] [unzip] Entry: client/assets/provider-icons/auth_service_mslive.svg (compressed_size=203 bytes, uncompressed_size=378 bytes)
[debug] [2025-01-24T07:42:47.582Z] [unzip] Processing entry: client\assets\provider-icons\auth_service_mslive.svg
[debug] [2025-01-24T07:42:47.582Z] [unzip] else mkdir: C:\Users\Lenovo\.cache\firebase\emulators\ui-v1.14.0\client\assets\provider-icons
[debug] [2025-01-24T07:42:47.582Z] [unzip] deflating: C:\Users\Lenovo\.cache\firebase\emulators\ui-v1.14.0\client\assets\provider-icons\auth_service_mslive.svg
[debug] [2025-01-24T07:42:47.591Z] [unzip] Entry: client/assets/provider-icons/auth_service_yahoo.svg (compressed_size=577 bytes, uncompressed_size=1182 bytes)
[debug] [2025-01-24T07:42:47.591Z] [unzip] Processing entry: client\assets\provider-icons\auth_service_yahoo.svg
[debug] [2025-01-24T07:42:47.591Z] [unzip] else mkdir: C:\Users\Lenovo\.cache\firebase\emulators\ui-v1.14.0\client\assets\provider-icons
[debug] [2025-01-24T07:42:47.592Z] [unzip] deflating: C:\Users\Lenovo\.cache\firebase\emulators\ui-v1.14.0\client\assets\provider-icons\auth_service_yahoo.svg
[debug] [2025-01-24T07:42:47.594Z] [unzip] Entry: client/assets/provider-icons/auth_service_twitter.svg (compressed_size=444 bytes, uncompressed_size=751 bytes)
[debug] [2025-01-24T07:42:47.594Z] [unzip] Processing entry: client\assets\provider-icons\auth_service_twitter.svg
[debug] [2025-01-24T07:42:47.595Z] [unzip] else mkdir: C:\Users\Lenovo\.cache\firebase\emulators\ui-v1.14.0\client\assets\provider-icons
[debug] [2025-01-24T07:42:47.595Z] [unzip] deflating: C:\Users\Lenovo\.cache\firebase\emulators\ui-v1.14.0\client\assets\provider-icons\auth_service_twitter.svg
[debug] [2025-01-24T07:42:47.597Z] [unzip] Entry: client/assets/provider-icons/auth_service_play_games.svg (compressed_size=565 bytes, uncompressed_size=1173 bytes)
[debug] [2025-01-24T07:42:47.597Z] [unzip] Processing entry: client\assets\provider-icons\auth_service_play_games.svg
[debug] [2025-01-24T07:42:47.597Z] [unzip] else mkdir: C:\Users\Lenovo\.cache\firebase\emulators\ui-v1.14.0\client\assets\provider-icons
[debug] [2025-01-24T07:42:47.598Z] [unzip] deflating: C:\Users\Lenovo\.cache\firebase\emulators\ui-v1.14.0\client\assets\provider-icons\auth_service_play_games.svg
[debug] [2025-01-24T07:42:47.599Z] [unzip] Entry: client/assets/provider-icons/auth_service_email.svg (compressed_size=228 bytes, uncompressed_size=326 bytes)
[debug] [2025-01-24T07:42:47.600Z] [unzip] Processing entry: client\assets\provider-icons\auth_service_email.svg
[debug] [2025-01-24T07:42:47.600Z] [unzip] else mkdir: C:\Users\Lenovo\.cache\firebase\emulators\ui-v1.14.0\client\assets\provider-icons
[debug] [2025-01-24T07:42:47.600Z] [unzip] deflating: C:\Users\Lenovo\.cache\firebase\emulators\ui-v1.14.0\client\assets\provider-icons\auth_service_email.svg
[debug] [2025-01-24T07:42:47.601Z] [unzip] Entry: client/assets/provider-icons/auth_service_google.svg (compressed_size=409 bytes, uncompressed_size=720 bytes)
[debug] [2025-01-24T07:42:47.602Z] [unzip] Processing entry: client\assets\provider-icons\auth_service_google.svg
[debug] [2025-01-24T07:42:47.602Z] [unzip] else mkdir: C:\Users\Lenovo\.cache\firebase\emulators\ui-v1.14.0\client\assets\provider-icons
[debug] [2025-01-24T07:42:47.602Z] [unzip] deflating: C:\Users\Lenovo\.cache\firebase\emulators\ui-v1.14.0\client\assets\provider-icons\auth_service_google.svg
[debug] [2025-01-24T07:42:47.604Z] [unzip] Entry: client/assets/provider-icons/auth_service_oidc.svg (compressed_size=414 bytes, uncompressed_size=858 bytes)
[debug] [2025-01-24T07:42:47.605Z] [unzip] Processing entry: client\assets\provider-icons\auth_service_oidc.svg
[debug] [2025-01-24T07:42:47.605Z] [unzip] else mkdir: C:\Users\Lenovo\.cache\firebase\emulators\ui-v1.14.0\client\assets\provider-icons
[debug] [2025-01-24T07:42:47.605Z] [unzip] deflating: C:\Users\Lenovo\.cache\firebase\emulators\ui-v1.14.0\client\assets\provider-icons\auth_service_oidc.svg
[debug] [2025-01-24T07:42:47.607Z] [unzip] Entry: client/browserconfig.xml (compressed_size=491 bytes, uncompressed_size=822 bytes)
[debug] [2025-01-24T07:42:47.607Z] [unzip] Processing entry: client\browserconfig.xml
[debug] [2025-01-24T07:42:47.607Z] [unzip] else mkdir: C:\Users\Lenovo\.cache\firebase\emulators\ui-v1.14.0\client
[debug] [2025-01-24T07:42:47.608Z] [unzip] deflating: C:\Users\Lenovo\.cache\firebase\emulators\ui-v1.14.0\client\browserconfig.xml
[debug] [2025-01-24T07:42:47.609Z] [unzip] Entry: client/favicon-32x32.png (compressed_size=475 bytes, uncompressed_size=475 bytes)
[debug] [2025-01-24T07:42:47.610Z] [unzip] Processing entry: client\favicon-32x32.png
[debug] [2025-01-24T07:42:47.610Z] [unzip] else mkdir: C:\Users\Lenovo\.cache\firebase\emulators\ui-v1.14.0\client
[debug] [2025-01-24T07:42:47.610Z] [unzip] Writing file: C:\Users\Lenovo\.cache\firebase\emulators\ui-v1.14.0\client\favicon-32x32.png
[debug] [2025-01-24T07:42:47.611Z] [unzip] Entry: server/ (compressed_size=0 bytes, uncompressed_size=0 bytes)
[debug] [2025-01-24T07:42:47.612Z] [unzip] Processing entry: server\
[debug] [2025-01-24T07:42:47.612Z] [unzip] mkdir: C:\Users\Lenovo\.cache\firebase\emulators\ui-v1.14.0\server\
[debug] [2025-01-24T07:42:47.612Z] [unzip] Entry: server/server.mjs.map (compressed_size=296496 bytes, uncompressed_size=1355667 bytes)
[debug] [2025-01-24T07:42:47.613Z] [unzip] Processing entry: server\server.mjs.map
[debug] [2025-01-24T07:42:47.613Z] [unzip] else mkdir: C:\Users\Lenovo\.cache\firebase\emulators\ui-v1.14.0\server
[debug] [2025-01-24T07:42:47.613Z] [unzip] deflating: C:\Users\Lenovo\.cache\firebase\emulators\ui-v1.14.0\server\server.mjs.map
[debug] [2025-01-24T07:42:47.626Z] [unzip] Entry: server/server.mjs (compressed_size=315701 bytes, uncompressed_size=1172682 bytes)
[debug] [2025-01-24T07:42:47.626Z] [unzip] Processing entry: server\server.mjs
[debug] [2025-01-24T07:42:47.626Z] [unzip] else mkdir: C:\Users\Lenovo\.cache\firebase\emulators\ui-v1.14.0\server
[debug] [2025-01-24T07:42:47.626Z] [unzip] deflating: C:\Users\Lenovo\.cache\firebase\emulators\ui-v1.14.0\server\server.mjs
[debug] [2025-01-24T07:42:47.639Z] [unzip] Entry: server/assets/ (compressed_size=0 bytes, uncompressed_size=0 bytes)
[debug] [2025-01-24T07:42:47.639Z] [unzip] Processing entry: server\assets\
[debug] [2025-01-24T07:42:47.639Z] [unzip] mkdir: C:\Users\Lenovo\.cache\firebase\emulators\ui-v1.14.0\server\assets\
[debug] [2025-01-24T07:42:47.640Z] [unzip] Entry: server/assets/multipart-parser-DGCUZdXu.mjs.map (compressed_size=4791 bytes, uncompressed_size=17918 bytes)
[debug] [2025-01-24T07:42:47.640Z] [unzip] Processing entry: server\assets\multipart-parser-DGCUZdXu.mjs.map
[debug] [2025-01-24T07:42:47.640Z] [unzip] else mkdir: C:\Users\Lenovo\.cache\firebase\emulators\ui-v1.14.0\server\assets
[debug] [2025-01-24T07:42:47.641Z] [unzip] deflating: C:\Users\Lenovo\.cache\firebase\emulators\ui-v1.14.0\server\assets\multipart-parser-DGCUZdXu.mjs.map
[debug] [2025-01-24T07:42:47.643Z] [unzip] Entry: server/assets/multipart-parser-DGCUZdXu.mjs (compressed_size=2621 bytes, uncompressed_size=10390 bytes)
[debug] [2025-01-24T07:42:47.643Z] [unzip] Processing entry: server\assets\multipart-parser-DGCUZdXu.mjs
[debug] [2025-01-24T07:42:47.643Z] [unzip] else mkdir: C:\Users\Lenovo\.cache\firebase\emulators\ui-v1.14.0\server\assets
[debug] [2025-01-24T07:42:47.644Z] [unzip] deflating: C:\Users\Lenovo\.cache\firebase\emulators\ui-v1.14.0\server\assets\multipart-parser-DGCUZdXu.mjs
[debug] [2025-01-24T07:42:47.649Z] [Extensions] Connecting Extensions emulator, this is a noop.
[info] i  functions: Watching "E:\Tarun coding\Web-Apps\React Apps\InstaFood\functions" for Cloud Functions... {"metadata":{"emulator":{"name":"functions"},"message":"Watching \"E:\\Tarun coding\\Web-Apps\\React Apps\\InstaFood\\functions\" for Cloud Functions..."}}
[debug] [2025-01-24T07:42:47.667Z] Validating nodejs source
[debug] [2025-01-24T07:42:49.384Z] > [functions] package.json contents: {
  "name": "functions",
  "description": "Cloud Functions for Firebase",
  "scripts": {
    "serve": "firebase emulators:start --only functions",
    "shell": "firebase functions:shell",
    "start": "npm run shell",
    "deploy": "firebase deploy --only functions",
    "logs": "firebase functions:log"
  },
  "engines": {
    "node": "20"
  },
  "main": "index.mjs",
  "type": "module",
  "dependencies": {
    "firebase-admin": "^12.6.0",
    "firebase-functions": "^6.0.1",
    "cors": "^2.8.5",
    "express": "^4.21.2",
    "node-fetch": "^3.3.2"
  },
  "devDependencies": {
    "firebase-functions-test": "^3.1.0",
    "nodemon": "^3.1.9"
  },
  "private": true
}
[debug] [2025-01-24T07:42:49.385Z] Building nodejs source
[debug] [2025-01-24T07:42:49.385Z] Failed to find version of module node: reached end of search path E:\Tarun coding\Web-Apps\React Apps\InstaFood\functions\node_modules
[warn] !  functions: Your requested "node" version "20" doesn't match your global version "22". Using node@22 from host. 
[debug] [2025-01-24T07:42:49.390Z] Could not find functions.yaml. Must use http discovery
[debug] [2025-01-24T07:42:49.405Z] Found firebase-functions binary at 'E:\Tarun coding\Web-Apps\React Apps\InstaFood\functions\node_modules\.bin\firebase-functions'
[info] Serving at port 8736

[debug] [2025-01-24T07:42:50.026Z] Got response from /__/functions.yaml {"endpoints":{},"specVersion":"v1alpha1","requiredAPIs":[],"extensions":{}}
[warn] !  functions: You are not signed in to the Firebase CLI. If you have authorized this machine using gcloud application-default credentials those may be discovered and used to access production services. {"metadata":{"emulator":{"name":"functions"},"message":"You are not signed in to the Firebase CLI. If you have authorized this machine using gcloud application-default credentials those may be discovered and used to access production services."}}
[info] +  functions: Loaded functions definitions from source: . {"metadata":{"emulator":{"name":"functions"},"message":"Loaded functions definitions from source: ."}}
[debug] [2025-01-24T07:42:54.129Z] Could not find VSCode notification endpoint: FetchError: request to http://localhost:40001/vscode/notify failed, reason: . If you are not running the Firebase Data Connect VSCode extension, this is expected and not an issue.
[info] 
┌─────────────────────────────────────────────────────────────┐
│ ✔  All emulators ready! It is now safe to connect your app. │
│ i  View Emulator UI at http://127.0.0.1:4000/               │
└─────────────────────────────────────────────────────────────┘

┌────────────┬────────────────┬──────────────────────────────────┐
│ Emulator   │ Host:Port      │ View in Emulator UI              │
├────────────┼────────────────┼──────────────────────────────────┤
│ Functions  │ 127.0.0.1:5001 │ http://127.0.0.1:4000/functions  │
├────────────┼────────────────┼──────────────────────────────────┤
│ Hosting    │ 127.0.0.1:5000 │ n/a                              │
├────────────┼────────────────┼──────────────────────────────────┤
│ Extensions │ 127.0.0.1:5001 │ http://127.0.0.1:4000/extensions │
└────────────┴────────────────┴──────────────────────────────────┘
  Emulator Hub running at 127.0.0.1:4400
  Other reserved ports: 4500
┌─────────────────────────┬───────────────┬─────────────────────┐
│ Extension Instance Name │ Extension Ref │ View in Emulator UI │
└─────────────────────────┴───────────────┴─────────────────────┘
Issues? Report them at https://github.com/firebase/firebase-tools/issues and attach the *-debug.log files.
 
